Arguments: 
  C:\Program Files\nodejs\node.exe C:\Program Files (x86)\Yarn\bin\yarn.js add react-router-dom

PATH: 
  C:\Program Files (x86)\Intel\iCLS Client\;C:\Program Files\Intel\iCLS Client\;C:\WINDOWS\system32;C:\WINDOWS;C:\WINDOWS\System32\Wbem;C:\WINDOWS\System32\WindowsPowerShell\v1.0\;C:\Program Files (x86)\Intel\Intel(R) Management Engine Components\DAL;C:\Program Files\Intel\Intel(R) Management Engine Components\DAL;C:\Program Files (x86)\Intel\Intel(R) Management Engine Components\IPT;C:\Program Files\Intel\Intel(R) Management Engine Components\IPT;C:\WINDOWS\System32\OpenSSH\;C:\Program Files\Intel\WiFi\bin\;C:\Program Files\Common Files\Intel\WirelessCommon\;C:\Program Files\Git\cmd;C:\Program Files\nodejs\;C:\Program Files\MongoDB\Server\4.2\bin;C:\Program Files (x86)\Yarn\bin\;C:\Users\Naman Bansal\AppData\Local\Microsoft\WindowsApps;;C:\Users\Naman Bansal\AppData\Local\Programs\Microsoft VS Code\bin;C:\Users\Naman Bansal\AppData\Roaming\npm;C:\Program Files (x86)\heroku\bin;C:\Users\Naman Bansal\AppData\Local\Yarn\bin

Yarn version: 
  1.21.1

Node version: 
  10.16.3

Platform: 
  win32 x64

Trace: 
  Error: https://registry.yarnpkg.com/date-fns/-/date-fns-2.11.0.tgz: ESOCKETTIMEDOUT
      at ClientRequest.<anonymous> (C:\Program Files (x86)\Yarn\lib\cli.js:141292:19)
      at Object.onceWrapper (events.js:286:20)
      at ClientRequest.emit (events.js:198:13)
      at TLSSocket.emitRequestTimeout (_http_client.js:662:40)
      at Object.onceWrapper (events.js:286:20)
      at TLSSocket.emit (events.js:198:13)
      at TLSSocket.Socket._onTimeout (net.js:442:8)
      at ontimeout (timers.js:436:11)
      at tryOnTimeout (timers.js:300:5)
      at listOnTimeout (timers.js:263:5)

npm manifest: 
  {
    "name": "mern-setup",
    "version": "1.0.0",
    "description": "",
    "main": "index.js",
    "scripts": {
      "test": "echo \"Error: no test specified\" && exit 1",
      "client": "npm run start --prefix client",
      "server": "nodemon index.js",
      "dev": "concurrently --kill-others-on-fail \"npm run server\" \"npm run client\"",
      "start": "node index.js"
    },
    "author": "naman",
    "license": "ISC",
    "dependencies": {
      "body-parser": "^1.19.0",
      "express": "^4.17.1",
      "express-session": "^1.17.0",
      "mongoose": "^5.8.1",
      "passport": "^0.4.1",
      "passport-local": "^1.0.0",
      "passport-local-mongoose": "^6.0.1"
    },
    "devDependencies": {
      "concurrently": "^5.1.0",
      "nodemon": "2.0.2"
    }
  }

yarn manifest: 
  No manifest

Lockfile: 
  No lockfile
